<?xml version="1.0" encoding="UTF-8"?>
<testng-results skipped="0" failed="0" ignored="0" total="1" passed="1">
  <reporter-output>
  </reporter-output>
  <suite name="Default suite" duration-ms="41673" started-at="2020-01-15T22:48:14 CST" finished-at="2020-01-15T22:48:56 CST">
    <groups>
    </groups>
    <test name="Default test" duration-ms="41673" started-at="2020-01-15T22:48:14 CST" finished-at="2020-01-15T22:48:56 CST">
      <class name="diaDos.practice">
        <test-method status="PASS" signature="setUp()[pri:0, instance:diaDos.practice@6ddf90b0]" name="setUp" is-config="true" duration-ms="11715" started-at="2020-01-15T22:48:14 CST" finished-at="2020-01-15T22:48:26 CST">
          <reporter-output>
          </reporter-output>
        </test-method> <!-- setUp -->
        <test-method status="PASS" signature="Practica3()[pri:1, instance:diaDos.practice@6ddf90b0]" name="Practica3" duration-ms="25189" started-at="2020-01-15T22:48:26 CST" finished-at="2020-01-15T22:48:51 CST">
          <reporter-output>
          </reporter-output>
        </test-method> <!-- Practica3 -->
        <test-method status="PASS" signature="tearDown()[pri:0, instance:diaDos.practice@6ddf90b0]" name="tearDown" is-config="true" duration-ms="4705" started-at="2020-01-15T22:48:51 CST" finished-at="2020-01-15T22:48:56 CST">
          <reporter-output>
          </reporter-output>
        </test-method> <!-- tearDown -->
      </class> <!-- diaDos.practice -->
    </test> <!-- Default test -->
  </suite> <!-- Default suite -->
</testng-results>
