<?xml version="1.0" encoding="UTF-8"?>
<testng-results skipped="0" failed="0" ignored="0" total="1" passed="1">
  <reporter-output>
  </reporter-output>
  <suite name="Default suite" duration-ms="18563" started-at="2020-01-15T12:13:20 CST" finished-at="2020-01-15T12:13:39 CST">
    <groups>
    </groups>
    <test name="Default test" duration-ms="18563" started-at="2020-01-15T12:13:20 CST" finished-at="2020-01-15T12:13:39 CST">
      <class name="diaDos.practice">
        <test-method status="PASS" signature="setUp()[pri:0, instance:diaDos.practice@6ddf90b0]" name="setUp" is-config="true" duration-ms="11177" started-at="2020-01-15T12:13:20 CST" finished-at="2020-01-15T12:13:31 CST">
          <reporter-output>
          </reporter-output>
        </test-method> <!-- setUp -->
        <test-method status="PASS" signature="Practica()[pri:1, instance:diaDos.practice@6ddf90b0]" name="Practica" duration-ms="6122" started-at="2020-01-15T12:13:31 CST" finished-at="2020-01-15T12:13:37 CST">
          <reporter-output>
          </reporter-output>
        </test-method> <!-- Practica -->
        <test-method status="PASS" signature="tearDown()[pri:0, instance:diaDos.practice@6ddf90b0]" name="tearDown" is-config="true" duration-ms="1207" started-at="2020-01-15T12:13:37 CST" finished-at="2020-01-15T12:13:39 CST">
          <reporter-output>
          </reporter-output>
        </test-method> <!-- tearDown -->
      </class> <!-- diaDos.practice -->
    </test> <!-- Default test -->
  </suite> <!-- Default suite -->
</testng-results>
